<?xml version='1.0'?>
<ns2:test-suite xmlns:ns2='urn:model.allure.qatools.yandex.ru' start='1675904492733' stop='1675904492752'>
    <name>validating file: validating url</name>
    <title>validating file: validating url</title>
    <test-cases>
        <test-case start='1675904492735' status='passed' stop='1675904492742'>
            <name></name>
            <title></title>
            <labels>
                <label name='language' value='javascript'/>
                <label name='framework' value='wdio'/>
                <label name='thread' value='0-1'/>
            </labels>
            <parameters>
                <parameter kind='argument' name='browser' value='chrome-110.0.5481.78'/>
            </parameters>
            <steps/>
            <attachments/>
        </test-case>
        <test-case start='1675904492742' status='broken' stop='1675904492745'>
            <name>Given invoke browser "https://www.amazon.com/"</name>
            <title>Given invoke browser "https://www.amazon.com/"</title>
            <labels>
                <label name='language' value='javascript'/>
                <label name='framework' value='wdio'/>
                <label name='thread' value='0-1'/>
            </labels>
            <parameters>
                <parameter kind='argument' name='browser' value='chrome-110.0.5481.78'/>
            </parameters>
            <steps/>
            <attachments/>
            <failure>
                <message>Step "invoke browser "https://www.amazon.com/"" is not defined. You can ignore this error by setting cucumberOpts.ignoreUndefinedDefinitions as true.</message>
                <stack-trace>Step "invoke browser "https://www.amazon.com/"" is not defined. You can ignore this error by setting cucumberOpts.ignoreUndefinedDefinitions as true.
                	at Feature(C:\Users\user\Desktop\wbio\features\validate.feature):1:1
                	at Scenario(validating url):2:5
                	at Step(invoke browser "https://www.amazon.com/"):4:9
                </stack-trace>
            </failure>
        </test-case>
        <test-case start='1675904492745' status='broken' stop='1675904492746'>
            <name>When check url</name>
            <title>When check url</title>
            <labels>
                <label name='language' value='javascript'/>
                <label name='framework' value='wdio'/>
                <label name='thread' value='0-1'/>
            </labels>
            <parameters>
                <parameter kind='argument' name='browser' value='chrome-110.0.5481.78'/>
            </parameters>
            <steps/>
            <attachments/>
            <failure>
                <message>Step "check url" is not defined. You can ignore this error by setting cucumberOpts.ignoreUndefinedDefinitions as true.</message>
                <stack-trace>Step "check url" is not defined. You can ignore this error by setting cucumberOpts.ignoreUndefinedDefinitions as true.
                	at Feature(C:\Users\user\Desktop\wbio\features\validate.feature):1:1
                	at Scenario(validating url):2:5
                	at Step(check url):5:9
                </stack-trace>
            </failure>
        </test-case>
        <test-case start='1675904492746' status='passed' stop='1675904492750'>
            <name></name>
            <title></title>
            <labels>
                <label name='language' value='javascript'/>
                <label name='framework' value='wdio'/>
                <label name='thread' value='0-1'/>
            </labels>
            <parameters>
                <parameter kind='argument' name='browser' value='chrome-110.0.5481.78'/>
            </parameters>
            <steps/>
            <attachments/>
        </test-case>
    </test-cases>
</ns2:test-suite>